<?xml version="1.0" encoding="UTF-8"?>
<coverage generated="1753877701012" clover="3.2.0">
  <project timestamp="1753877701012" name="All files">
    <metrics statements="49" coveredstatements="43" conditionals="18" coveredconditionals="17" methods="7" coveredmethods="7" elements="74" coveredelements="67" complexity="0" loc="49" ncloc="49" packages="1" files="1" classes="1"/>
    <file name="engine.js" path="C:\Users\vince\OneDrive\Code\Apps\ChromeEx\Contextual Language Learner\hover-translate-engine-es-en\src\engine.js">
      <metrics statements="49" coveredstatements="43" conditionals="18" coveredconditionals="17" methods="7" coveredmethods="7"/>
      <line num="4" count="2" type="stmt"/>
      <line num="12" count="2" type="stmt"/>
      <line num="13" count="2" type="stmt"/>
      <line num="16" count="2" type="stmt"/>
      <line num="27" count="6" type="stmt"/>
      <line num="28" count="6" type="cond" truecount="2" falsecount="0"/>
      <line num="29" count="2" type="stmt"/>
      <line num="30" count="2" type="stmt"/>
      <line num="31" count="2" type="stmt"/>
      <line num="33" count="6" type="stmt"/>
      <line num="34" count="6" type="stmt"/>
      <line num="36" count="0" type="stmt"/>
      <line num="37" count="0" type="stmt"/>
      <line num="38" count="0" type="stmt"/>
      <line num="49" count="6" type="stmt"/>
      <line num="51" count="6" type="cond" truecount="6" falsecount="0"/>
      <line num="52" count="4" type="stmt"/>
      <line num="60" count="2" type="cond" truecount="2" falsecount="0"/>
      <line num="61" count="1" type="stmt"/>
      <line num="62" count="1" type="cond" truecount="1" falsecount="1"/>
      <line num="63" count="0" type="stmt"/>
      <line num="72" count="2" type="stmt"/>
      <line num="75" count="2" type="stmt"/>
      <line num="76" count="2" type="stmt"/>
      <line num="79" count="2" type="stmt"/>
      <line num="80" count="2" type="stmt"/>
      <line num="82" count="2" type="stmt"/>
      <line num="90" count="0" type="stmt"/>
      <line num="91" count="0" type="stmt"/>
      <line num="104" count="10002" type="stmt"/>
      <line num="112" count="2" type="stmt"/>
      <line num="113" count="2" type="stmt"/>
      <line num="125" count="20012" type="stmt"/>
      <line num="126" count="20012" type="stmt"/>
      <line num="129" count="20012" type="cond" truecount="2" falsecount="0"/>
      <line num="130" count="20011" type="stmt"/>
      <line num="134" count="20012" type="stmt"/>
      <line num="137" count="20012" type="stmt"/>
      <line num="149" count="15014" type="stmt"/>
      <line num="151" count="15014" type="cond" truecount="2" falsecount="0"/>
      <line num="152" count="2" type="stmt"/>
      <line num="156" count="15012" type="stmt"/>
      <line num="159" count="15012" type="stmt"/>
      <line num="160" count="15012" type="stmt"/>
      <line num="162" count="15012" type="stmt"/>
      <line num="172" count="15010" type="stmt"/>
      <line num="174" count="15010" type="cond" truecount="2" falsecount="0"/>
      <line num="175" count="2" type="stmt"/>
      <line num="179" count="15008" type="stmt"/>
    </file>
  </project>
</coverage>
