{"C:\\Users\\vince\\OneDrive\\Code\\Apps\\ChromeEx\\Contextual Language Learner\\hover-translate-engine-es-en\\src\\engine.js": {"path":"C:\\Users\\vince\\OneDrive\\Code\\Apps\\ChromeEx\\Contextual Language Learner\\hover-translate-engine-es-en\\src\\engine.js","statementMap":{"0":{"start":{"line":4,"column":21},"end":{"line":9,"column":1}},"1":{"start":{"line":12,"column":19},"end":{"line":12,"column":47}},"2":{"start":{"line":13,"column":17},"end":{"line":13,"column":21}},"3":{"start":{"line":16,"column":33},"end":{"line":20,"column":1}},"4":{"start":{"line":27,"column":2},"end":{"line":39,"column":3}},"5":{"start":{"line":28,"column":4},"end":{"line":32,"column":5}},"6":{"start":{"line":29,"column":6},"end":{"line":29,"column":61}},"7":{"start":{"line":30,"column":6},"end":{"line":30,"column":73}},"8":{"start":{"line":31,"column":6},"end":{"line":31,"column":56}},"9":{"start":{"line":33,"column":4},"end":{"line":33,"column":38}},"10":{"start":{"line":34,"column":4},"end":{"line":34,"column":24}},"11":{"start":{"line":36,"column":4},"end":{"line":36,"column":54}},"12":{"start":{"line":37,"column":4},"end":{"line":37,"column":65}},"13":{"start":{"line":38,"column":4},"end":{"line":38,"column":24}},"14":{"start":{"line":49,"column":2},"end":{"line":96,"column":3}},"15":{"start":{"line":51,"column":4},"end":{"line":57,"column":5}},"16":{"start":{"line":52,"column":6},"end":{"line":56,"column":8}},"17":{"start":{"line":60,"column":4},"end":{"line":69,"column":5}},"18":{"start":{"line":61,"column":6},"end":{"line":61,"column":25}},"19":{"start":{"line":62,"column":6},"end":{"line":68,"column":7}},"20":{"start":{"line":63,"column":8},"end":{"line":67,"column":10}},"21":{"start":{"line":72,"column":27},"end":{"line":72,"column":71}},"22":{"start":{"line":75,"column":19},"end":{"line":75,"column":51}},"23":{"start":{"line":76,"column":28},"end":{"line":76,"column":54}},"24":{"start":{"line":79,"column":27},"end":{"line":79,"column":66}},"25":{"start":{"line":80,"column":31},"end":{"line":80,"column":74}},"26":{"start":{"line":82,"column":4},"end":{"line":86,"column":6}},"27":{"start":{"line":90,"column":4},"end":{"line":90,"column":48}},"28":{"start":{"line":91,"column":4},"end":{"line":95,"column":6}},"29":{"start":{"line":104,"column":2},"end":{"line":104,"column":22}},"30":{"start":{"line":112,"column":2},"end":{"line":112,"column":46}},"31":{"start":{"line":113,"column":2},"end":{"line":113,"column":20}},"32":{"start":{"line":125,"column":22},"end":{"line":125,"column":37}},"33":{"start":{"line":126,"column":24},"end":{"line":126,"column":41}},"34":{"start":{"line":129,"column":2},"end":{"line":131,"column":3}},"35":{"start":{"line":130,"column":4},"end":{"line":130,"column":83}},"36":{"start":{"line":134,"column":2},"end":{"line":134,"column":52}},"37":{"start":{"line":137,"column":2},"end":{"line":137,"column":49}},"38":{"start":{"line":149,"column":29},"end":{"line":149,"column":61}},"39":{"start":{"line":151,"column":2},"end":{"line":153,"column":3}},"40":{"start":{"line":152,"column":4},"end":{"line":152,"column":14}},"41":{"start":{"line":156,"column":23},"end":{"line":156,"column":79}},"42":{"start":{"line":159,"column":2},"end":{"line":159,"column":53}},"43":{"start":{"line":160,"column":2},"end":{"line":160,"column":63}},"44":{"start":{"line":162,"column":2},"end":{"line":162,"column":31}},"45":{"start":{"line":172,"column":29},"end":{"line":172,"column":61}},"46":{"start":{"line":174,"column":2},"end":{"line":176,"column":3}},"47":{"start":{"line":175,"column":4},"end":{"line":175,"column":34}},"48":{"start":{"line":179,"column":2},"end":{"line":179,"column":65}}},"fnMap":{"0":{"name":"loadEngine","decl":{"start":{"line":26,"column":22},"end":{"line":26,"column":32}},"loc":{"start":{"line":26,"column":35},"end":{"line":40,"column":1}},"line":26},"1":{"name":"translate","decl":{"start":{"line":48,"column":22},"end":{"line":48,"column":31}},"loc":{"start":{"line":48,"column":54},"end":{"line":97,"column":1}},"line":48},"2":{"name":"getEngineState","decl":{"start":{"line":103,"column":16},"end":{"line":103,"column":30}},"loc":{"start":{"line":103,"column":33},"end":{"line":105,"column":1}},"line":103},"3":{"name":"_resetEngine","decl":{"start":{"line":111,"column":16},"end":{"line":111,"column":28}},"loc":{"start":{"line":111,"column":31},"end":{"line":114,"column":1}},"line":111},"4":{"name":"_prepareHackedSentence","decl":{"start":{"line":123,"column":16},"end":{"line":123,"column":38}},"loc":{"start":{"line":123,"column":61},"end":{"line":138,"column":1}},"line":123},"5":{"name":"_extractTranslatedWord","decl":{"start":{"line":147,"column":16},"end":{"line":147,"column":38}},"loc":{"start":{"line":147,"column":56},"end":{"line":163,"column":1}},"line":147},"6":{"name":"_extractTranslatedSentence","decl":{"start":{"line":171,"column":16},"end":{"line":171,"column":42}},"loc":{"start":{"line":171,"column":60},"end":{"line":180,"column":1}},"line":171}},"branchMap":{"0":{"loc":{"start":{"line":28,"column":4},"end":{"line":32,"column":5}},"type":"if","locations":[{"start":{"line":28,"column":4},"end":{"line":32,"column":5}},{"start":{},"end":{}}],"line":28},"1":{"loc":{"start":{"line":51,"column":4},"end":{"line":57,"column":5}},"type":"if","locations":[{"start":{"line":51,"column":4},"end":{"line":57,"column":5}},{"start":{},"end":{}}],"line":51},"2":{"loc":{"start":{"line":51,"column":8},"end":{"line":51,"column":98}},"type":"binary-expr","locations":[{"start":{"line":51,"column":8},"end":{"line":51,"column":19}},{"start":{"line":51,"column":23},"end":{"line":51,"column":32}},{"start":{"line":51,"column":36},"end":{"line":51,"column":66}},{"start":{"line":51,"column":70},"end":{"line":51,"column":98}}],"line":51},"3":{"loc":{"start":{"line":60,"column":4},"end":{"line":69,"column":5}},"type":"if","locations":[{"start":{"line":60,"column":4},"end":{"line":69,"column":5}},{"start":{},"end":{}}],"line":60},"4":{"loc":{"start":{"line":62,"column":6},"end":{"line":68,"column":7}},"type":"if","locations":[{"start":{"line":62,"column":6},"end":{"line":68,"column":7}},{"start":{},"end":{}}],"line":62},"5":{"loc":{"start":{"line":129,"column":2},"end":{"line":131,"column":3}},"type":"if","locations":[{"start":{"line":129,"column":2},"end":{"line":131,"column":3}},{"start":{},"end":{}}],"line":129},"6":{"loc":{"start":{"line":151,"column":2},"end":{"line":153,"column":3}},"type":"if","locations":[{"start":{"line":151,"column":2},"end":{"line":153,"column":3}},{"start":{},"end":{}}],"line":151},"7":{"loc":{"start":{"line":174,"column":2},"end":{"line":176,"column":3}},"type":"if","locations":[{"start":{"line":174,"column":2},"end":{"line":176,"column":3}},{"start":{},"end":{}}],"line":174}},"s":{"0":2,"1":2,"2":2,"3":2,"4":6,"5":6,"6":2,"7":2,"8":2,"9":6,"10":6,"11":0,"12":0,"13":0,"14":6,"15":6,"16":4,"17":2,"18":1,"19":1,"20":0,"21":2,"22":2,"23":2,"24":2,"25":2,"26":2,"27":0,"28":0,"29":10002,"30":2,"31":2,"32":20012,"33":20012,"34":20012,"35":20011,"36":20012,"37":20012,"38":15014,"39":15014,"40":2,"41":15012,"42":15012,"43":15012,"44":15012,"45":15010,"46":15010,"47":2,"48":15008},"f":{"0":6,"1":6,"2":10002,"3":2,"4":20012,"5":15014,"6":15010},"b":{"0":[2,4],"1":[4,2],"2":[6,3,2,2],"3":[1,1],"4":[0,1],"5":[20011,1],"6":[2,15012],"7":[2,15008]},"inputSourceMap":null,"_coverageSchema":"1a1c01bbd47fc00a2c39e90264f33305004495a9","hash":"ac96d768e666d0f1a698c905f4a6fbbd3a37c035"}
}
