TN:
SF:src\engine.js
FN:26,loadEngine
FN:48,translate
FN:103,getEngineState
FN:111,_resetEngine
FN:123,_prepareHackedSentence
FN:147,_extractTranslatedWord
FN:171,_extractTranslatedSentence
FNF:7
FNH:7
FNDA:6,loadEngine
FNDA:6,translate
FNDA:10002,getEngineState
FNDA:2,_resetEngine
FNDA:20012,_prepareHackedSentence
FNDA:15014,_extractTranslatedWord
FNDA:15010,_extractTranslatedSentence
DA:4,2
DA:12,2
DA:13,2
DA:16,2
DA:27,6
DA:28,6
DA:29,2
DA:30,2
DA:31,2
DA:33,6
DA:34,6
DA:36,0
DA:37,0
DA:38,0
DA:49,6
DA:51,6
DA:52,4
DA:60,2
DA:61,1
DA:62,1
DA:63,0
DA:72,2
DA:75,2
DA:76,2
DA:79,2
DA:80,2
DA:82,2
DA:90,0
DA:91,0
DA:104,10002
DA:112,2
DA:113,2
DA:125,20012
DA:126,20012
DA:129,20012
DA:130,20011
DA:134,20012
DA:137,20012
DA:149,15014
DA:151,15014
DA:152,2
DA:156,15012
DA:159,15012
DA:160,15012
DA:162,15012
DA:172,15010
DA:174,15010
DA:175,2
DA:179,15008
LF:49
LH:43
BRDA:28,0,0,2
BRDA:28,0,1,4
BRDA:51,1,0,4
BRDA:51,1,1,2
BRDA:51,2,0,6
BRDA:51,2,1,3
BRDA:51,2,2,2
BRDA:51,2,3,2
BRDA:60,3,0,1
BRDA:60,3,1,1
BRDA:62,4,0,0
BRDA:62,4,1,1
BRDA:129,5,0,20011
BRDA:129,5,1,1
BRDA:151,6,0,2
BRDA:151,6,1,15012
BRDA:174,7,0,2
BRDA:174,7,1,15008
BRF:18
BRH:17
end_of_record
